    1  ls
    2  sudo apt install gcc
    3  sudo apt install make
    4  sudo snap install clion --classic
    5  sudo snap list
    6  clion.sh
    7  ;s
    8  ls
    9  cd snap
   10  ls
   11  cd snapd-desktop-integration/
   12  ls
   13  cd ..
   14  ls
   15  cd Downloads/
   16  ls
   17  cd ..
   18  ls
   19  /opt/clion/bin/clion.sh
   20  snap find "clion"
   21  cd snap
   22  ls
   23  cd snapd-desktop-integration/
   24  ls
   25  cd current
   26  ls
   27  cd ..
   28  ls
   29  /snap/bin/clion
   30  gcc main.c -o untitled
   31  chnod 777 untitled*
   32  ./untitle
   33  ./untitled
   34  pwd
   35  cd ~
   36  cd Desktop
   37  ls -latr
   38  mkdir ws1
   39  cd ws1
   40  wget -0 out.pdf https://tinyurl.com/yy94jltt
   41  wget -o out.pdf https://tinyurl.com/yy94jltt
   42  ls -latr
   43  history > worksheet1.log
   44  cd ..
   45  cd ~
   46  clear
   47  cd Desktop
   48  history > worksheet1.log
   49  cd Desktop
   50  history > worksheet21.log
   51  ls
   52  ./AUTORUN.INF
   53  ./autorun.sh 
   54  sudo apt update
   55  sudo apt install -y build-essential linux-headers-$(uname -r)
   56  git --version
   57  sudo apt install git
   58  git --version
   59  git config --global user.name "lilousicard"
   60  git config --global user.email "lilou.sicard-noel@sjsu.edu
   61  "
   62  ssh-keygen -t rsa -C "lilou.sicard-noel@sjsu.edu"
   63  ls
   64  cd /home/lilou/.ssh
   65  ls
   66  vim id_rsa.pub
   67  sudo apt install vim
   68  vim id_rsa.pub
   69  ssh -T git@github.com
   70  cd ..
   71  ls
   72  git clone https://github.com/lilousicard/assignment3_LSN.git
   73  ls
   74  cd assignment3_LSN
   75  ls
   76  cd ..
   77  cd Desktop
   78  git init -b main
   79  git add .
   80  git commit -m "initial commit"
   81  gh repo create
   82  sudo apt install gh
   83  gh repo create
   84  gh  auth login
   85  gh repo create
   86  git -C /home/lilou/Desktop/.git/ init
   87  git push
   88  ls
   89  git init -b main
   90  git status
   91  git remove -v
   92  git remote -v
   93  git remote add origin git -C /home/lilou/Desktop/.git/ init
   94  git remote add origin https://github.com/lilousicard/vm.git
   95  git remote -v
   96  git push origin main
   97  vim text.txt
   98  git status
   99  git checkout -b branch
  100  git add .
  101  git commit -m "new text file"
  102  git push
  103  ls
  104  mkdir Code
  105  cd code
  106  cd Code
  107  git clone https://github.com/lilousicard/A1.git
  108  ls
  109  cd A1
  110  ls
  111  gcc 1_15.c -o 1_15.exe
  112  ./1_15.exe
  113  gcc 1_16.c -o 1_16.exe
  114  gcc 1_17.c -o 1_17.exe
  115  gcc 1_18.c -o 1_18.exe
  116  gcc 1_19.c -o 1_19.exe
  117  gcc 1_20.c -o 1_20.exe
  118  ./1_16.exe
  119  ./1_17.exe
  120  ./1_18.exe
  121  ./1_19.exe
  122  ./1_20.exe
  123  ls
  124  cd Code
  125  ls
  126  git clone https://github.com/lilousicard/A2.git
  127  cd A2
  128  ls
  129  gcc 2_25.c -o 2_25.exe
  130  gcc 2_29.c -o 2_29.exe
  131  gcc 2_32.c -o 2_32.exe
  132  gcc 2_34.c -o 2_34.exe
  133  gcc 3_22.c -o 3_22.exe
  134  ls
  135  ./2_25.exe
  136  ./2_32.exe
  137  ./2_34.exe
  138  ./3_22.exe
  139  gcc 2_29.c -o 2_29.exe -lm
  140  ./2.29.exe
  141  ./2_29.exe
  142  ls
  143  cd Code
  144  ls
  145  cd A2
  146  ls
  147  ./2_29.exe -lm
  148  vim 2_29.c
  149  gcc 2_29.c -o 2_29.exe -lm
  150  ./2_29.exe
  151  ./2_25.exe
  152  date
  153  pwd
  154  cd ~
  155  cd Desktop/
  156  ls -latr
  157  mkdir ws2
  158  cd ws2
  159  ls -latr
  160  eecho $?
  161  echo $?
  162  man ps
  163  ps aux
  164  top
  165  history > worksheet2.log
  166  head worksheet2.log
  167  tail worksheet2.log
  168  cat worksheet2.log
  169  history > worksheet2.log
  170  vim worksheet2.log 
  171  cd ~
  172  cd Code/
  173  ls
  174  cd A2
  175  git status
  176  git add 2_29.c
  177  git add worksheet2.log 
  178  git commit -m "final detail"
  179  git push
  180  cd ..
  181  git clone https://github.com/lilousicard/CS149-Assigment1.git
  182  ls
  183  cd CS149-Assigment1/
  184  mkdir name.txt
  185  vim name.txt
  186  mkdir test.txt
  187  vim name2.txt
  188  ls
  189  gcc countnames.c -o countnames.exe
  190  ./countnames.exe name2.txt
  191  vim name2.txt
  192  ./countnames.exe name2.txt
  193  ls
  194  cd Cpde
  195  cd Code
  196  ls
  197  cd CS149-Assigment1/
  198  git status
  199  git pulll
  200  git pull
  201  git status
  202  ls
  203  ./countnames.exe testCase.txt
  204  ./countnames.exe names.txt
  205  ls
  206  cd Cooode
  207  cd code
  208  cd Code
  209  ls
  210  cd CS149-Assigment1/
  211  git status
  212  git pull
  213  gcc -o countnames countnames.c -Wall -Werror
  214  gcc countnames.c -o countnames.exe
  215  ./countnames.exe names_long_redundant.txt 
  216  gcc countnames.c -o countnames.exe
  217  ./countnames.exe names_long_redundant.txt 
  218  ls
  219  vim names.txt
  220  ./countnames.exe names.txt
  221  git status
  222  git add countnames.c
  223  git commit -m "added ignoring 1 char line"
  224  git push
  225  cd Code
  226  ls
  227  git clone https://github.com/lilousicard/A3.git
  228  ls
  229  cd A3
  230  ls
  231  gcc 4_14.c -o 4_14.exe
  232  gcc 4_16.c -o 4_16.exe
  233  gcc 5_16.c -o 5_16.exe
  234  gcc 5_17.c -o 5_17.exe
  235  gcc 5_18.c -o 5_18.exe
  236  gcc 5_21.c -o 5_21.exe
  237  gcc 5_22.c -o 5_22.exe
  238  gcc 5_23.c -o 5_23.exe
  239  ls
  240  ./4_14.exe
  241  cd Code/A3
  242  ./4_16.exe
  243  ls
  244  ./4_14.exe
  245  ./5_16.exe
  246  ./5_17.exe
  247  ./5_18.exe
  248  ./5_21.exe
  249  ./5_22.exe
  250  ./5_23.exe
  251  cd ~
  252  wget https://github.com/torvalds/linux/archive/master.zip
  253  unzip master.zip
  254  cd linux-master
  255  pwd
  256  alias l='ls -latr'
  257  l
  258  find . -name mem.c
  259  find . -name mem.c | xargs head
  260  find . -name mem.c | xargs grep 86
  261  cd ..
  262  history > worksheet3.log
  263  head worksheet3.log
  264  history > worksheet3.log
  265  tail worksheet3.log
  266  vim worksheet3.log
  267  mv worksheet3.log ~/Code/A3
  268  cd Code/A3
  269  ls
  270  git status
  271  git add worksheet3.log 
  272  git commit -m "worksheet log"
  273  git push
  274  wget http://www.apuebook.com/src.3e.tar.gz
  275  ls
  276  gunzip src.3e.tar.gz 
  277  tar xvf src.3e.tar 
  278  cd apue.3e/
  279  cd proc
  280  make all
  281  ./fork1
  282  ./fork2
  283  ls
  284  pwd
  285  pstree
  286  ps -a -f -x
  287  ps -a -f -x | more
  288  top
  289  man kill
  290  echo $?
  291  echo $$
  292  cd ~
  293  history > worksheet4.log
  294  tail worksheet 4.log
  295  tail worksheet4.log
  296  ls
  297  cd Code
  298  mkdir WS4
  299  history >worksheet4.log
